[0.657s] Invoking command in '/home/saksham/ros2_ws/build/yolo_keypoint_sim': PYTHONPATH=/home/saksham/ros2_ws/build/yolo_keypoint_sim/prefix_override:/usr/lib/python3/dist-packages/colcon_core/task/python/colcon_distutils_commands:/home/saksham/ros2_ws/install/yolo_keypoint_sim/lib/python3.10/site-packages:${PYTHONPATH} /usr/bin/python3 -W ignore:setup.py install is deprecated -W ignore:easy_install command is deprecated setup.py develop --editable --build-directory /home/saksham/ros2_ws/build/yolo_keypoint_sim/build --no-deps symlink_data
[0.850s] running develop
[0.973s] running egg_info
[0.973s] creating yolo_keypoint_sim.egg-info
[0.973s] writing yolo_keypoint_sim.egg-info/PKG-INFO
[0.974s] writing dependency_links to yolo_keypoint_sim.egg-info/dependency_links.txt
[0.974s] writing entry points to yolo_keypoint_sim.egg-info/entry_points.txt
[0.974s] writing requirements to yolo_keypoint_sim.egg-info/requires.txt
[0.974s] writing top-level names to yolo_keypoint_sim.egg-info/top_level.txt
[0.974s] writing manifest file 'yolo_keypoint_sim.egg-info/SOURCES.txt'
[0.976s] reading manifest file 'yolo_keypoint_sim.egg-info/SOURCES.txt'
[0.976s] writing manifest file 'yolo_keypoint_sim.egg-info/SOURCES.txt'
[0.977s] running build_ext
[0.977s] Creating /home/saksham/ros2_ws/install/yolo_keypoint_sim/lib/python3.10/site-packages/yolo-keypoint-sim.egg-link (link to .)
[0.978s] Installing gesture_to_cmdvel script to /home/saksham/ros2_ws/install/yolo_keypoint_sim/lib/yolo_keypoint_sim
[0.978s] Installing keypoints_tf_broadcaster script to /home/saksham/ros2_ws/install/yolo_keypoint_sim/lib/yolo_keypoint_sim
[0.978s] Installing skeleton_bones_node script to /home/saksham/ros2_ws/install/yolo_keypoint_sim/lib/yolo_keypoint_sim
[0.979s] Installing skeleton_marker_node script to /home/saksham/ros2_ws/install/yolo_keypoint_sim/lib/yolo_keypoint_sim
[0.979s] 
[0.979s] Installed /home/saksham/ros2_ws/build/yolo_keypoint_sim
[0.979s] running symlink_data
[0.979s] creating /home/saksham/ros2_ws/install/yolo_keypoint_sim/share/ament_index
[0.979s] creating /home/saksham/ros2_ws/install/yolo_keypoint_sim/share/ament_index/resource_index
[0.980s] creating /home/saksham/ros2_ws/install/yolo_keypoint_sim/share/ament_index/resource_index/packages
[0.980s] symbolically linking /home/saksham/ros2_ws/build/yolo_keypoint_sim/resource/yolo_keypoint_sim -> /home/saksham/ros2_ws/install/yolo_keypoint_sim/share/ament_index/resource_index/packages
[0.980s] symbolically linking /home/saksham/ros2_ws/build/yolo_keypoint_sim/package.xml -> /home/saksham/ros2_ws/install/yolo_keypoint_sim/share/yolo_keypoint_sim
[0.980s] creating /home/saksham/ros2_ws/install/yolo_keypoint_sim/share/yolo_keypoint_sim/launch
[0.980s] symbolically linking /home/saksham/ros2_ws/build/yolo_keypoint_sim/launch/full_system.launch.py -> /home/saksham/ros2_ws/install/yolo_keypoint_sim/share/yolo_keypoint_sim/launch
[0.997s] Invoked command in '/home/saksham/ros2_ws/build/yolo_keypoint_sim' returned '0': PYTHONPATH=/home/saksham/ros2_ws/build/yolo_keypoint_sim/prefix_override:/usr/lib/python3/dist-packages/colcon_core/task/python/colcon_distutils_commands:/home/saksham/ros2_ws/install/yolo_keypoint_sim/lib/python3.10/site-packages:${PYTHONPATH} /usr/bin/python3 -W ignore:setup.py install is deprecated -W ignore:easy_install command is deprecated setup.py develop --editable --build-directory /home/saksham/ros2_ws/build/yolo_keypoint_sim/build --no-deps symlink_data
