[0.683s] Invoking command in '/home/saksham/ros2_ws/build/yolo_keypoint_sim': PYTHONPATH=/home/saksham/ros2_ws/build/yolo_keypoint_sim/prefix_override:/usr/lib/python3/dist-packages/colcon_core/task/python/colcon_distutils_commands:/home/saksham/ros2_ws/install/yolo_keypoint_sim/lib/python3.10/site-packages:${PYTHONPATH} /usr/bin/python3 -W ignore:setup.py install is deprecated -W ignore:easy_install command is deprecated setup.py develop --editable --build-directory /home/saksham/ros2_ws/build/yolo_keypoint_sim/build --no-deps symlink_data
[0.878s] running develop
[1.010s] running egg_info
[1.010s] writing yolo_keypoint_sim.egg-info/PKG-INFO
[1.010s] writing dependency_links to yolo_keypoint_sim.egg-info/dependency_links.txt
[1.011s] writing entry points to yolo_keypoint_sim.egg-info/entry_points.txt
[1.011s] writing requirements to yolo_keypoint_sim.egg-info/requires.txt
[1.011s] writing top-level names to yolo_keypoint_sim.egg-info/top_level.txt
[1.012s] reading manifest file 'yolo_keypoint_sim.egg-info/SOURCES.txt'
[1.014s] writing manifest file 'yolo_keypoint_sim.egg-info/SOURCES.txt'
[1.015s] running build_ext
[1.015s] Creating /home/saksham/ros2_ws/install/yolo_keypoint_sim/lib/python3.10/site-packages/yolo-keypoint-sim.egg-link (link to .)
[1.015s] Installing gesture_to_cmdvel script to /home/saksham/ros2_ws/install/yolo_keypoint_sim/lib/yolo_keypoint_sim
[1.016s] Installing keypoints_tf_broadcaster script to /home/saksham/ros2_ws/install/yolo_keypoint_sim/lib/yolo_keypoint_sim
[1.016s] Installing skeleton_bones_node script to /home/saksham/ros2_ws/install/yolo_keypoint_sim/lib/yolo_keypoint_sim
[1.016s] Installing skeleton_marker_node script to /home/saksham/ros2_ws/install/yolo_keypoint_sim/lib/yolo_keypoint_sim
[1.016s] 
[1.016s] Installed /home/saksham/ros2_ws/build/yolo_keypoint_sim
[1.016s] running symlink_data
[1.038s] Invoked command in '/home/saksham/ros2_ws/build/yolo_keypoint_sim' returned '0': PYTHONPATH=/home/saksham/ros2_ws/build/yolo_keypoint_sim/prefix_override:/usr/lib/python3/dist-packages/colcon_core/task/python/colcon_distutils_commands:/home/saksham/ros2_ws/install/yolo_keypoint_sim/lib/python3.10/site-packages:${PYTHONPATH} /usr/bin/python3 -W ignore:setup.py install is deprecated -W ignore:easy_install command is deprecated setup.py develop --editable --build-directory /home/saksham/ros2_ws/build/yolo_keypoint_sim/build --no-deps symlink_data
